============================= test session starts ==============================
platform linux -- Python 3.12.3, pytest-9.0.2, pluggy-1.6.0
rootdir: /app
collected 0 items / 5 errors

==================================== ERRORS ====================================
_____________ ERROR collecting tests/test_mnos_compliance_suite.py _____________
ImportError while importing test module '/app/tests/test_mnos_compliance_suite.py'.
Hint: make sure your test modules/packages have valid Python names.
Traceback:
/usr/lib/python3.12/importlib/__init__.py:90: in import_module
    return _bootstrap._gcd_import(name[level:], package, level)
           ^^^^^^^^^^^^^^^^^^^^^^^^^^^^^^^^^^^^^^^^^^^^^^^^^^^^
tests/test_mnos_compliance_suite.py:2: in <module>
    from fastapi.testclient import TestClient
E   ModuleNotFoundError: No module named 'fastapi'
___________ ERROR collecting tests/test_integration_failure_paths.py ___________
ImportError while importing test module '/app/tests/test_integration_failure_paths.py'.
Hint: make sure your test modules/packages have valid Python names.
Traceback:
/usr/lib/python3.12/importlib/__init__.py:90: in import_module
    return _bootstrap._gcd_import(name[level:], package, level)
           ^^^^^^^^^^^^^^^^^^^^^^^^^^^^^^^^^^^^^^^^^^^^^^^^^^^^
tests/test_integration_failure_paths.py:2: in <module>
    from fastapi.testclient import TestClient
E   ModuleNotFoundError: No module named 'fastapi'
_________________ ERROR collecting tests/test_outbox_retry.py __________________
ImportError while importing test module '/app/tests/test_outbox_retry.py'.
Hint: make sure your test modules/packages have valid Python names.
Traceback:
/usr/lib/python3.12/importlib/__init__.py:90: in import_module
    return _bootstrap._gcd_import(name[level:], package, level)
           ^^^^^^^^^^^^^^^^^^^^^^^^^^^^^^^^^^^^^^^^^^^^^^^^^^^^
tests/test_outbox_retry.py:1: in <module>
    from sqlalchemy.orm import Session
E   ModuleNotFoundError: No module named 'sqlalchemy'
_____________ ERROR collecting tests/test_integration_hardening.py _____________
ImportError while importing test module '/app/tests/test_integration_hardening.py'.
Hint: make sure your test modules/packages have valid Python names.
Traceback:
/usr/lib/python3.12/importlib/__init__.py:90: in import_module
    return _bootstrap._gcd_import(name[level:], package, level)
           ^^^^^^^^^^^^^^^^^^^^^^^^^^^^^^^^^^^^^^^^^^^^^^^^^^^^
tests/test_integration_hardening.py:3: in <module>
    from fastapi.testclient import TestClient
E   ModuleNotFoundError: No module named 'fastapi'
____________________ ERROR collecting tests/test_skyfarm.py ____________________
ImportError while importing test module '/app/tests/test_skyfarm.py'.
Hint: make sure your test modules/packages have valid Python names.
Traceback:
/usr/lib/python3.12/importlib/__init__.py:90: in import_module
    return _bootstrap._gcd_import(name[level:], package, level)
           ^^^^^^^^^^^^^^^^^^^^^^^^^^^^^^^^^^^^^^^^^^^^^^^^^^^^
tests/test_skyfarm.py:2: in <module>
    from skyfarm.identity.models import UserModel, Role
skyfarm/identity/models.py:1: in <module>
    from sqlalchemy import Column, String, Enum, JSON
E   ModuleNotFoundError: No module named 'sqlalchemy'
=========================== short test summary info ============================
ERROR tests/test_mnos_compliance_suite.py
ERROR tests/test_integration_failure_paths.py
ERROR tests/test_outbox_retry.py
ERROR tests/test_integration_hardening.py
ERROR tests/test_skyfarm.py
!!!!!!!!!!!!!!!!!!! Interrupted: 5 errors during collection !!!!!!!!!!!!!!!!!!!!
============================== 5 errors in 0.24s ===============================
Starting MNOS Compliance Verification...

Compliance Summary:
------------------------------
Ingestion API       : PASS
Secret Enforcement  : PASS
Policy Determinism  : PASS
Policy Rejection    : PASS
------------------------------
MNOS Health: 404
