============================= test session starts ==============================
platform linux -- Python 3.12.13, pytest-9.0.3, pluggy-1.6.0
rootdir: /app
plugins: asyncio-1.3.0, anyio-4.13.0
asyncio: mode=Mode.STRICT, debug=False, asyncio_default_fixture_loop_scope=None, asyncio_default_test_loop_scope=function
collected 1 item

mnos/tests/test_full_booking_flow.py .                                   [100%]

=============================== warnings summary ===============================
mnos/core/security/config.py:17
  /app/mnos/core/security/config.py:17: PydanticDeprecatedSince20: Pydantic V1 style `@validator` validators are deprecated. You should migrate to Pydantic V2 style `@field_validator` validators, see the migration guide for more details. Deprecated in Pydantic V2.0 to be removed in V3.0. See Pydantic V2 Migration Guide at https://errors.pydantic.dev/2.13/migration/
    @validator("SQLALCHEMY_DATABASE_URI", pre=True)

mnos/core/security/config.py:5
  /app/mnos/core/security/config.py:5: PydanticDeprecatedSince20: Support for class-based `config` is deprecated, use ConfigDict instead. Deprecated in Pydantic V2.0 to be removed in V3.0. See Pydantic V2 Migration Guide at https://errors.pydantic.dev/2.13/migration/
    class Settings(BaseSettings):

../home/jules/.pyenv/versions/3.12.13/lib/python3.12/site-packages/passlib/utils/__init__.py:854
  /home/jules/.pyenv/versions/3.12.13/lib/python3.12/site-packages/passlib/utils/__init__.py:854: DeprecationWarning: 'crypt' is deprecated and slated for removal in Python 3.13
    from crypt import crypt as _crypt

mnos/core/db/base_class.py:4
  /app/mnos/core/db/base_class.py:4: MovedIn20Warning: The ``as_declarative()`` function is now available as sqlalchemy.orm.as_declarative() (deprecated since: 2.0) (Background on SQLAlchemy 2.0 at: https://sqlalche.me/e/b8d9)
    @as_declarative()

mnos/core/schemas/user.py:17
  /app/mnos/core/schemas/user.py:17: PydanticDeprecatedSince20: Support for class-based `config` is deprecated, use ConfigDict instead. Deprecated in Pydantic V2.0 to be removed in V3.0. See Pydantic V2 Migration Guide at https://errors.pydantic.dev/2.13/migration/
    class User(UserBase):

mnos/interfaces/prestige/guests/schemas.py:22
  /app/mnos/interfaces/prestige/guests/schemas.py:22: PydanticDeprecatedSince20: Support for class-based `config` is deprecated, use ConfigDict instead. Deprecated in Pydantic V2.0 to be removed in V3.0. See Pydantic V2 Migration Guide at https://errors.pydantic.dev/2.13/migration/
    class Guest(GuestBase):

mnos/modules/inn/reservations/schemas.py:15
  /app/mnos/modules/inn/reservations/schemas.py:15: PydanticDeprecatedSince20: Support for class-based `config` is deprecated, use ConfigDict instead. Deprecated in Pydantic V2.0 to be removed in V3.0. See Pydantic V2 Migration Guide at https://errors.pydantic.dev/2.13/migration/
    class Room(RoomBase):

mnos/modules/inn/reservations/schemas.py:29
  /app/mnos/modules/inn/reservations/schemas.py:29: PydanticDeprecatedSince20: Support for class-based `config` is deprecated, use ConfigDict instead. Deprecated in Pydantic V2.0 to be removed in V3.0. See Pydantic V2 Migration Guide at https://errors.pydantic.dev/2.13/migration/
    class Stay(StayBase):

mnos/modules/inn/reservations/schemas.py:47
  /app/mnos/modules/inn/reservations/schemas.py:47: PydanticDeprecatedSince20: Support for class-based `config` is deprecated, use ConfigDict instead. Deprecated in Pydantic V2.0 to be removed in V3.0. See Pydantic V2 Migration Guide at https://errors.pydantic.dev/2.13/migration/
    class Reservation(ReservationBase):

mnos/modules/aqua/transfers/schemas.py:15
  /app/mnos/modules/aqua/transfers/schemas.py:15: PydanticDeprecatedSince20: Support for class-based `config` is deprecated, use ConfigDict instead. Deprecated in Pydantic V2.0 to be removed in V3.0. See Pydantic V2 Migration Guide at https://errors.pydantic.dev/2.13/migration/
    class Vehicle(VehicleBase):

mnos/modules/aqua/transfers/schemas.py:39
  /app/mnos/modules/aqua/transfers/schemas.py:39: PydanticDeprecatedSince20: Support for class-based `config` is deprecated, use ConfigDict instead. Deprecated in Pydantic V2.0 to be removed in V3.0. See Pydantic V2 Migration Guide at https://errors.pydantic.dev/2.13/migration/
    class TransferRequest(TransferRequestBase):

mnos/modules/aqua/transfers/schemas.py:49
  /app/mnos/modules/aqua/transfers/schemas.py:49: PydanticDeprecatedSince20: Support for class-based `config` is deprecated, use ConfigDict instead. Deprecated in Pydantic V2.0 to be removed in V3.0. See Pydantic V2 Migration Guide at https://errors.pydantic.dev/2.13/migration/
    class Manifest(ManifestCreate):

mnos/modules/fce/schemas.py:16
  /app/mnos/modules/fce/schemas.py:16: PydanticDeprecatedSince20: Support for class-based `config` is deprecated, use ConfigDict instead. Deprecated in Pydantic V2.0 to be removed in V3.0. See Pydantic V2 Migration Guide at https://errors.pydantic.dev/2.13/migration/
    class FolioLine(FolioLineBase):

mnos/modules/fce/schemas.py:38
  /app/mnos/modules/fce/schemas.py:38: PydanticDeprecatedSince20: Support for class-based `config` is deprecated, use ConfigDict instead. Deprecated in Pydantic V2.0 to be removed in V3.0. See Pydantic V2 Migration Guide at https://errors.pydantic.dev/2.13/migration/
    class Payment(PaymentBase):

mnos/modules/fce/schemas.py:46
  /app/mnos/modules/fce/schemas.py:46: PydanticDeprecatedSince20: Support for class-based `config` is deprecated, use ConfigDict instead. Deprecated in Pydantic V2.0 to be removed in V3.0. See Pydantic V2 Migration Guide at https://errors.pydantic.dev/2.13/migration/
    class Invoice(BaseModel):

mnos/modules/fce/schemas.py:65
  /app/mnos/modules/fce/schemas.py:65: PydanticDeprecatedSince20: Support for class-based `config` is deprecated, use ConfigDict instead. Deprecated in Pydantic V2.0 to be removed in V3.0. See Pydantic V2 Migration Guide at https://errors.pydantic.dev/2.13/migration/
    class Folio(FolioBase):

mnos/modules/inn/housekeeping/schemas.py:19
  /app/mnos/modules/inn/housekeeping/schemas.py:19: PydanticDeprecatedSince20: Support for class-based `config` is deprecated, use ConfigDict instead. Deprecated in Pydantic V2.0 to be removed in V3.0. See Pydantic V2 Migration Guide at https://errors.pydantic.dev/2.13/migration/
    class HousekeepingTask(HousekeepingTaskBase):

mnos/modules/inn/maintenance/schemas.py:22
  /app/mnos/modules/inn/maintenance/schemas.py:22: PydanticDeprecatedSince20: Support for class-based `config` is deprecated, use ConfigDict instead. Deprecated in Pydantic V2.0 to be removed in V3.0. See Pydantic V2 Migration Guide at https://errors.pydantic.dev/2.13/migration/
    class MaintenanceTicket(MaintenanceTicketBase):

mnos/modules/inn/laundry/schemas.py:21
  /app/mnos/modules/inn/laundry/schemas.py:21: PydanticDeprecatedSince20: Support for class-based `config` is deprecated, use ConfigDict instead. Deprecated in Pydantic V2.0 to be removed in V3.0. See Pydantic V2 Migration Guide at https://errors.pydantic.dev/2.13/migration/
    class LaundryItem(LaundryItemBase):

mnos/tests/test_full_booking_flow.py::test_mnos_stabilization_flow
  /app/mnos/core/security/security.py:13: DeprecationWarning: datetime.datetime.utcnow() is deprecated and scheduled for removal in a future version. Use timezone-aware objects to represent datetimes in UTC: datetime.datetime.now(datetime.UTC).
    expire = datetime.utcnow() + expires_delta

mnos/tests/test_full_booking_flow.py::test_mnos_stabilization_flow
  /app/mnos/interfaces/prestige/guests/router.py:39: PydanticDeprecatedSince20: The `dict` method is deprecated; use `model_dump` instead. Deprecated in Pydantic V2.0 to be removed in V3.0. See Pydantic V2 Migration Guide at https://errors.pydantic.dev/2.13/migration/
    guest = models.Guest(**guest_in.dict())

mnos/tests/test_full_booking_flow.py::test_mnos_stabilization_flow
  /app/mnos/modules/inn/reservations/router.py:33: PydanticDeprecatedSince20: The `dict` method is deprecated; use `model_dump` instead. Deprecated in Pydantic V2.0 to be removed in V3.0. See Pydantic V2 Migration Guide at https://errors.pydantic.dev/2.13/migration/
    db_room = models.Room(**room_in.dict())

mnos/tests/test_full_booking_flow.py::test_mnos_stabilization_flow
  /app/mnos/modules/aqua/transfers/service.py:7: PydanticDeprecatedSince20: The `dict` method is deprecated; use `model_dump` instead. Deprecated in Pydantic V2.0 to be removed in V3.0. See Pydantic V2 Migration Guide at https://errors.pydantic.dev/2.13/migration/
    db_obj = models.TransferRequest(**request_in.dict())

mnos/tests/test_full_booking_flow.py::test_mnos_stabilization_flow
mnos/tests/test_full_booking_flow.py::test_mnos_stabilization_flow
mnos/tests/test_full_booking_flow.py::test_mnos_stabilization_flow
mnos/tests/test_full_booking_flow.py::test_mnos_stabilization_flow
mnos/tests/test_full_booking_flow.py::test_mnos_stabilization_flow
  /home/jules/.pyenv/versions/3.12.13/lib/python3.12/site-packages/sqlalchemy/sql/schema.py:3624: DeprecationWarning: datetime.datetime.utcnow() is deprecated and scheduled for removal in a future version. Use timezone-aware objects to represent datetimes in UTC: datetime.datetime.now(datetime.UTC).
    return util.wrap_callable(lambda ctx: fn(), fn)  # type: ignore

mnos/tests/test_full_booking_flow.py::test_mnos_stabilization_flow
  /app/mnos/modules/fce/router.py:37: PydanticDeprecatedSince20: The `dict` method is deprecated; use `model_dump` instead. Deprecated in Pydantic V2.0 to be removed in V3.0. See Pydantic V2 Migration Guide at https://errors.pydantic.dev/2.13/migration/
    charge_data = charge_in.dict()

mnos/tests/test_full_booking_flow.py::test_mnos_stabilization_flow
  /app/mnos/modules/fce/router.py:47: PydanticDeprecatedSince20: The `dict` method is deprecated; use `model_dump` instead. Deprecated in Pydantic V2.0 to be removed in V3.0. See Pydantic V2 Migration Guide at https://errors.pydantic.dev/2.13/migration/
    payment_data = payment_in.dict()

-- Docs: https://docs.pytest.org/en/stable/how-to/capture-warnings.html
======================== 1 passed, 30 warnings in 2.65s ========================
